<?xml version="1.0" encoding="UTF-8"?>
<!-- Generated by org.testng.reporters.JUnitXMLReporter -->
<testsuite ignored="0" hostname="Bhavani" failures="1" tests="3" name="Test" time="38.717" errors="0" timestamp="2024-08-08T15:24:50 IST">
  <testcase classname="com.concast.crm.listenerstest.MultipleOrganisationTest" name="organisationTest" time="0.015">
    <failure type="java.lang.NullPointerException" message="Cannot invoke &amp;quot;com.aventstack.extentreports.ExtentTest.log(com.aventstack.extentreports.Status, String)&amp;quot; because the return value of &amp;quot;com.concast.crm.generic.webdriverutility.UtilityClassObject.getTest()&amp;quot; is null">
      <![CDATA[java.lang.NullPointerException: Cannot invoke "com.aventstack.extentreports.ExtentTest.log(com.aventstack.extentreports.Status, String)" because the return value of "com.concast.crm.generic.webdriverutility.UtilityClassObject.getTest()" is null
at com.concast.crm.listenerstest.MultipleOrganisationTest.organisationTest(MultipleOrganisationTest.java:20)
at java.base/java.util.ArrayList.forEach(ArrayList.java:1597)
... Removed 25 stack frames]]>
    </failure>
  </testcase> <!-- organisationTest -->
  <testcase classname="com.concast.crm.listenerstest.MultipleOrganisationTest" name="organisationWithIndustry" time="7.439"/>
  <testcase classname="com.concast.crm.listenerstest.MultipleOrganisationTest" name="organisationWithcontact" time="6.467"/>
</testsuite> <!-- Test -->
